Build started 11/21/2016 9:16:19 PM.
     1>Project "C:\Users\Charles\Desktop\Botany380\Lab8\Lab8\Exclusive\Exclusive.vcxproj" on node 3 (Build target(s)).
     1>AddCudaCompileDeps:
         D:\Apps\VisualStudio2013\VC\bin\x86_amd64\cl.exe /E /nologo /showIncludes /TP /D__CUDACC__ /DWIN32 /DWIN64 /DNDEBUG /D_CONSOLE /D_MBCS /I"C:\Program Files\NVIDIA GPU Computing Toolkit\CUDA\v7.5\include" /I"C:\Program Files\NVIDIA GPU Computing Toolkit\CUDA\v7.5\bin" /I"C:\Program Files\NVIDIA GPU Computing Toolkit\CUDA\v7.5\include" /I. /FIcuda_runtime.h /c C:\Users\Charles\Desktop\Botany380\Lab8\Lab8\Exclusive\kernel.cu 
       CudaBuild:
         Compiling CUDA source file kernel.cu...
         cmd.exe /C "C:\Users\Charles\AppData\Local\Temp\tmp1ca7784ae6284f7a99a7e56f9f6e9387.cmd"
         "C:\Program Files\NVIDIA GPU Computing Toolkit\CUDA\v7.5\bin\nvcc.exe" -gencode=arch=compute_20,code=\"sm_20,compute_20\" --use-local-env --cl-version 2013 -ccbin "D:\Apps\VisualStudio2013\VC\bin\x86_amd64"  -I"C:\Program Files\NVIDIA GPU Computing Toolkit\CUDA\v7.5\include" -I"C:\Program Files\NVIDIA GPU Computing Toolkit\CUDA\v7.5\include"     --keep-dir x64\Submission -maxrregcount=0  --machine 64 --compile -cudart static     -DWIN32 -DWIN64 -DNDEBUG -D_CONSOLE -D_MBCS -Xcompiler "/EHsc /W3 /nologo /O2 /Zi  /MD " -o Submission\kernel.cu.obj "C:\Users\Charles\Desktop\Botany380\Lab8\Lab8\Exclusive\kernel.cu"
         
         C:\Users\Charles\Desktop\Botany380\Lab8\Lab8\Exclusive>"C:\Program Files\NVIDIA GPU Computing Toolkit\CUDA\v7.5\bin\nvcc.exe" -gencode=arch=compute_20,code=\"sm_20,compute_20\" --use-local-env --cl-version 2013 -ccbin "D:\Apps\VisualStudio2013\VC\bin\x86_amd64"  -I"C:\Program Files\NVIDIA GPU Computing Toolkit\CUDA\v7.5\include" -I"C:\Program Files\NVIDIA GPU Computing Toolkit\CUDA\v7.5\include"     --keep-dir x64\Submission -maxrregcount=0  --machine 64 --compile -cudart static     -DWIN32 -DWIN64 -DNDEBUG -D_CONSOLE -D_MBCS -Xcompiler "/EHsc /W3 /nologo /O2 /Zi  /MD " -o Submission\kernel.cu.obj "C:\Users\Charles\Desktop\Botany380\Lab8\Lab8\Exclusive\kernel.cu" 
         kernel.cu
       Link:
         D:\Apps\VisualStudio2013\VC\bin\x86_amd64\link.exe /ERRORREPORT:PROMPT /OUT:"C:\Users\Charles\Desktop\Botany380\Lab8\Lab8\Submission\Exclusive.exe" /NOLOGO /LIBPATH:"C:\Program Files\NVIDIA GPU Computing Toolkit\CUDA\v7.5\lib\x64" wb.lib cudart.lib kernel32.lib user32.lib gdi32.lib winspool.lib comdlg32.lib advapi32.lib shell32.lib ole32.lib oleaut32.lib uuid.lib odbc32.lib odbccp32.lib kernel32.lib user32.lib gdi32.lib winspool.lib comdlg32.lib advapi32.lib shell32.lib ole32.lib oleaut32.lib uuid.lib odbc32.lib odbccp32.lib /MANIFEST /MANIFESTUAC:"level='asInvoker' uiAccess='false'" /manifest:embed /DEBUG /PDB:"C:\Users\Charles\Desktop\Botany380\Lab8\Lab8\Submission\Exclusive.pdb" /SUBSYSTEM:CONSOLE /OPT:REF /OPT:ICF /LTCG /TLBID:1 /DYNAMICBASE /NXCOMPAT /IMPLIB:"C:\Users\Charles\Desktop\Botany380\Lab8\Lab8\Submission\Exclusive.lib" /MACHINE:X64 Submission\kernel.cu.obj
         LINK : /LTCG specified but no code generation required; remove /LTCG from the link command line to improve linker performance
         Exclusive.vcxproj -> C:\Users\Charles\Desktop\Botany380\Lab8\Lab8\Submission\Exclusive.exe
       PostBuildEvent:
         echo copy "C:\Program Files\NVIDIA GPU Computing Toolkit\CUDA\v7.5\bin\cudart64*.dll" "C:\Users\Charles\Desktop\Botany380\Lab8\Lab8\Submission\"
         copy "C:\Program Files\NVIDIA GPU Computing Toolkit\CUDA\v7.5\bin\cudart64*.dll" "C:\Users\Charles\Desktop\Botany380\Lab8\Lab8\Submission\"
         copy C:\Users\Charles\Desktop\Botany380\Lab8\Lab8\Exclusive\kernel.cu C:\Users\Charles\Desktop\Botany380\Lab8\Lab8\Submission\Exclusive_kernel.cu
         DEL C:\Users\Charles\Desktop\Botany380\Lab8\Lab8\Submission\*.pdb
         :VCEnd
         copy "C:\Program Files\NVIDIA GPU Computing Toolkit\CUDA\v7.5\bin\cudart64*.dll" "C:\Users\Charles\Desktop\Botany380\Lab8\Lab8\Submission\"
         C:\Program Files\NVIDIA GPU Computing Toolkit\CUDA\v7.5\bin\cudart64_75.dll
         The process cannot access the file because it is being used by another process.
                 0 file(s) copied.
                 1 file(s) copied.
         Could Not Find C:\Users\Charles\Desktop\Botany380\Lab8\Lab8\Submission\*.pdb
     1>Done Building Project "C:\Users\Charles\Desktop\Botany380\Lab8\Lab8\Exclusive\Exclusive.vcxproj" (Build target(s)).

Build succeeded.

Time Elapsed 00:00:17.49
