Build started 10/10/2016 10:28:32 PM.
     1>Project "C:\Users\Charles\Desktop\Botany380\Lab4\Lab4\OPT_MatMul\OPT_MatMul.vcxproj" on node 4 (Build target(s)).
     1>Link:
         D:\Apps\VisualStudio2013\VC\bin\x86_amd64\link.exe /ERRORREPORT:PROMPT /OUT:"C:\Users\Charles\Desktop\Botany380\Lab4\Lab4\Submission\OPT_MatMul.exe" /NOLOGO /LIBPATH:"C:\Program Files\NVIDIA GPU Computing Toolkit\CUDA\v7.5\lib\x64" wb.lib cudart.lib kernel32.lib user32.lib gdi32.lib winspool.lib comdlg32.lib advapi32.lib shell32.lib ole32.lib oleaut32.lib uuid.lib odbc32.lib odbccp32.lib kernel32.lib user32.lib gdi32.lib winspool.lib comdlg32.lib advapi32.lib shell32.lib ole32.lib oleaut32.lib uuid.lib odbc32.lib odbccp32.lib /MANIFEST /MANIFESTUAC:"level='asInvoker' uiAccess='false'" /manifest:embed /DEBUG /PDB:"C:\Users\Charles\Desktop\Botany380\Lab4\Lab4\Submission\OPT_MatMul.pdb" /SUBSYSTEM:CONSOLE /OPT:REF /OPT:ICF /LTCG /TLBID:1 /DYNAMICBASE /NXCOMPAT /IMPLIB:"C:\Users\Charles\Desktop\Botany380\Lab4\Lab4\Submission\OPT_MatMul.lib" /MACHINE:X64 Submission\kernel.cu.obj
         LINK : /LTCG specified but no code generation required; remove /LTCG from the link command line to improve linker performance
         OPT_MatMul.vcxproj -> C:\Users\Charles\Desktop\Botany380\Lab4\Lab4\Submission\OPT_MatMul.exe
       PostBuildEvent:
         echo copy "C:\Program Files\NVIDIA GPU Computing Toolkit\CUDA\v7.5\bin\cudart64*.dll" "C:\Users\Charles\Desktop\Botany380\Lab4\Lab4\Submission\"
         copy "C:\Program Files\NVIDIA GPU Computing Toolkit\CUDA\v7.5\bin\cudart64*.dll" "C:\Users\Charles\Desktop\Botany380\Lab4\Lab4\Submission\"
         copy C:\Users\Charles\Desktop\Botany380\Lab4\Lab4\OPT_MatMul\kernel.cu C:\Users\Charles\Desktop\Botany380\Lab4\Lab4\Submission\OPT_MatMul.cu
         DEL C:\Users\Charles\Desktop\Botany380\Lab4\Lab4\Submission\*.pdb
         :VCEnd
         copy "C:\Program Files\NVIDIA GPU Computing Toolkit\CUDA\v7.5\bin\cudart64*.dll" "C:\Users\Charles\Desktop\Botany380\Lab4\Lab4\Submission\"
         C:\Program Files\NVIDIA GPU Computing Toolkit\CUDA\v7.5\bin\cudart64_75.dll
                 1 file(s) copied.
                 1 file(s) copied.
         C:\Users\Charles\Desktop\Botany380\Lab4\Lab4\Submission\CPU_MatMul.pdb
         The process cannot access the file because it is being used by another process.
     1>Done Building Project "C:\Users\Charles\Desktop\Botany380\Lab4\Lab4\OPT_MatMul\OPT_MatMul.vcxproj" (Build target(s)).

Build succeeded.

Time Elapsed 00:00:00.62
