Build started 9/21/2016 10:04:59 PM.
     1>Project "C:\Users\Charles\Desktop\Botany380\Lab2\Lab2\VectorAdd\VectorAdd.vcxproj" on node 2 (Build target(s)).
     1>AddCudaCompileDeps:
         D:\Apps\VisualStudio2013\VC\bin\x86_amd64\cl.exe /E /nologo /showIncludes /TP /D__CUDACC__ /DWIN32 /DWIN64 /DNDEBUG /D_CONSOLE /D_MBCS /I"C:\Program Files\NVIDIA GPU Computing Toolkit\CUDA\v7.5\include" /I"C:\Program Files\NVIDIA GPU Computing Toolkit\CUDA\v7.5\bin" /I"C:\Program Files\NVIDIA GPU Computing Toolkit\CUDA\v7.5\include" /I. /FIcuda_runtime.h /c C:\Users\Charles\Desktop\Botany380\Lab2\Lab2\VectorAdd\kernel.cu 
       CudaBuild:
         Compiling CUDA source file kernel.cu...
         cmd.exe /C "C:\Users\Charles\AppData\Local\Temp\tmpc19ec9e42ed548c8926f8a254d65ff52.cmd"
         "C:\Program Files\NVIDIA GPU Computing Toolkit\CUDA\v7.5\bin\nvcc.exe" -gencode=arch=compute_20,code=\"sm_20,compute_20\" --use-local-env --cl-version 2013 -ccbin "D:\Apps\VisualStudio2013\VC\bin\x86_amd64"  -I"C:\Program Files\NVIDIA GPU Computing Toolkit\CUDA\v7.5\include" -I"C:\Program Files\NVIDIA GPU Computing Toolkit\CUDA\v7.5\include"     --keep-dir x64\Submission -maxrregcount=0  --machine 64 --compile -cudart static     -DWIN32 -DWIN64 -DNDEBUG -D_CONSOLE -D_MBCS -Xcompiler "/EHsc /W3 /nologo /O2 /Zi  /MD " -o Submission\kernel.cu.obj "C:\Users\Charles\Desktop\Botany380\Lab2\Lab2\VectorAdd\kernel.cu"
         
         C:\Users\Charles\Desktop\Botany380\Lab2\Lab2\VectorAdd>"C:\Program Files\NVIDIA GPU Computing Toolkit\CUDA\v7.5\bin\nvcc.exe" -gencode=arch=compute_20,code=\"sm_20,compute_20\" --use-local-env --cl-version 2013 -ccbin "D:\Apps\VisualStudio2013\VC\bin\x86_amd64"  -I"C:\Program Files\NVIDIA GPU Computing Toolkit\CUDA\v7.5\include" -I"C:\Program Files\NVIDIA GPU Computing Toolkit\CUDA\v7.5\include"     --keep-dir x64\Submission -maxrregcount=0  --machine 64 --compile -cudart static     -DWIN32 -DWIN64 -DNDEBUG -D_CONSOLE -D_MBCS -Xcompiler "/EHsc /W3 /nologo /O2 /Zi  /MD " -o Submission\kernel.cu.obj "C:\Users\Charles\Desktop\Botany380\Lab2\Lab2\VectorAdd\kernel.cu" 
         kernel.cu
       Link:
         D:\Apps\VisualStudio2013\VC\bin\x86_amd64\link.exe /ERRORREPORT:PROMPT /OUT:"C:\Users\Charles\Desktop\Botany380\Lab2\Lab2\Submission\VectorAdd.exe" /NOLOGO /LIBPATH:"C:\Program Files\NVIDIA GPU Computing Toolkit\CUDA\v7.5\lib\x64" wb.lib cudart.lib kernel32.lib user32.lib gdi32.lib winspool.lib comdlg32.lib advapi32.lib shell32.lib ole32.lib oleaut32.lib uuid.lib odbc32.lib odbccp32.lib kernel32.lib user32.lib gdi32.lib winspool.lib comdlg32.lib advapi32.lib shell32.lib ole32.lib oleaut32.lib uuid.lib odbc32.lib odbccp32.lib /MANIFEST /MANIFESTUAC:"level='asInvoker' uiAccess='false'" /manifest:embed /DEBUG /PDB:"C:\Users\Charles\Desktop\Botany380\Lab2\Lab2\Submission\VectorAdd.pdb" /SUBSYSTEM:CONSOLE /OPT:REF /OPT:ICF /LTCG /TLBID:1 /DYNAMICBASE /NXCOMPAT /IMPLIB:"C:\Users\Charles\Desktop\Botany380\Lab2\Lab2\Submission\VectorAdd.lib" /MACHINE:X64 Submission\kernel.cu.obj
         LINK : /LTCG specified but no code generation required; remove /LTCG from the link command line to improve linker performance
         VectorAdd.vcxproj -> C:\Users\Charles\Desktop\Botany380\Lab2\Lab2\Submission\VectorAdd.exe
       PostBuildEvent:
         echo copy "C:\Program Files\NVIDIA GPU Computing Toolkit\CUDA\v7.5\bin\cudart64*.dll" "C:\Users\Charles\Desktop\Botany380\Lab2\Lab2\Submission\"
         copy "C:\Program Files\NVIDIA GPU Computing Toolkit\CUDA\v7.5\bin\cudart64*.dll" "C:\Users\Charles\Desktop\Botany380\Lab2\Lab2\Submission\"
         echo copy "C:\Users\Charles\Desktop\Botany380\Lab2\Lab2\VectorAdd\\kernel.cu" "C:\Users\Charles\Desktop\Botany380\Lab2\Lab2\Submission\\vecAdd_kernel.cu"
         copy "C:\Users\Charles\Desktop\Botany380\Lab2\Lab2\VectorAdd\\kernel.cu" "C:\Users\Charles\Desktop\Botany380\Lab2\Lab2\Submission\\vecAdd_kernel.cu"
         DEL C:\Users\Charles\Desktop\Botany380\Lab2\Lab2\Submission\\*.pdb
         :VCEnd
         copy "C:\Program Files\NVIDIA GPU Computing Toolkit\CUDA\v7.5\bin\cudart64*.dll" "C:\Users\Charles\Desktop\Botany380\Lab2\Lab2\Submission\"
         C:\Program Files\NVIDIA GPU Computing Toolkit\CUDA\v7.5\bin\cudart64_75.dll
                 1 file(s) copied.
         copy "C:\Users\Charles\Desktop\Botany380\Lab2\Lab2\VectorAdd\\kernel.cu" "C:\Users\Charles\Desktop\Botany380\Lab2\Lab2\Submission\\vecAdd_kernel.cu"
                 1 file(s) copied.
     1>Done Building Project "C:\Users\Charles\Desktop\Botany380\Lab2\Lab2\VectorAdd\VectorAdd.vcxproj" (Build target(s)).

Build succeeded.

Time Elapsed 00:00:09.93
